<?xml version="1.0" encoding="UTF-8"?>
<!-- Generated by org.testng.reporters.JUnitXMLReporter -->
<testsuite ignored="0" hostname="DESKTOP-C3AP22E" failures="0" tests="4" name="Default test" time="22.537" errors="0" timestamp="2025-12-10T03:49:15 IST">
  <testcase classname="tests.ATPW_Test01" name="HomePage" time="0.521"/>
  <testcase classname="tests.ATPW_Test01" name="WebInputTest02" time="10.48"/>
  <testcase classname="tests.ATPW_Test01" name="WebInputTest02" time="1.179"/>
  <testcase classname="tests.ATPW_Test01" name="WebInputTest02" time="1.04"/>
</testsuite> <!-- Default test -->
