<?xml version="1.0" encoding="UTF-8"?>
<!-- Generated by org.testng.reporters.JUnitReportReporter -->
<testsuite hostname="DESKTOP-C3AP22E" failures="0" tests="4" name="tests.ATPW_Test01" time="13.220" errors="0" timestamp="2025-12-10T03:49:15 IST" skipped="0">
  <testcase classname="tests.ATPW_Test01" name="WebInputTest02" time="1.040"/>
  <testcase classname="tests.ATPW_Test01" name="WebInputTest02" time="1.179"/>
  <testcase classname="tests.ATPW_Test01" name="HomePage" time="0.521"/>
  <testcase classname="tests.ATPW_Test01" name="WebInputTest02" time="10.480"/>
</testsuite> <!-- tests.ATPW_Test01 -->
