<?xml version="1.0" encoding="UTF-8"?>
<!-- Generated by org.testng.reporters.JUnitReportReporter -->
<testsuite hostname="DESKTOP-C3AP22E" failures="0" tests="4" name="tests.ATPW_Test01" time="44.489" errors="0" timestamp="2025-12-10T05:48:35 IST" skipped="0">
  <testcase classname="tests.ATPW_Test01" name="Homepage" time="1.739"/>
  <testcase classname="tests.ATPW_Test01" name="WebInputTest02" time="5.505"/>
  <testcase classname="tests.ATPW_Test01" name="WebInputTest02" time="4.909"/>
  <testcase classname="tests.ATPW_Test01" name="WebInputTest02" time="32.336"/>
</testsuite> <!-- tests.ATPW_Test01 -->
