<?xml version="1.0" encoding="UTF-8"?>
<testng-results ignored="0" total="1" passed="1" failed="0" skipped="0">
  <reporter-output>
  </reporter-output>
  <suite started-at="2025-12-03T05:03:29 IST" name="Default suite" finished-at="2025-12-03T05:04:07 IST" duration-ms="38131">
    <groups>
    </groups>
    <test started-at="2025-12-03T05:03:29 IST" name="Default test" finished-at="2025-12-03T05:04:07 IST" duration-ms="38131">
      <class name="tests.ATPW_Test01">
        <test-method is-config="true" signature="setUp()[pri:0, instance:tests.ATPW_Test01@3bb9a3ff]" started-at="2025-12-03T05:03:29 IST" name="setUp" finished-at="2025-12-03T05:03:41 IST" duration-ms="11458" status="PASS">
          <reporter-output>
          </reporter-output>
        </test-method> <!-- setUp -->
        <test-method signature="HomePagetest01()[pri:0, instance:tests.ATPW_Test01@3bb9a3ff]" started-at="2025-12-03T05:03:41 IST" name="HomePagetest01" finished-at="2025-12-03T05:04:07 IST" duration-ms="26562" status="PASS">
          <reporter-output>
          </reporter-output>
        </test-method> <!-- HomePagetest01 -->
      </class> <!-- tests.ATPW_Test01 -->
    </test> <!-- Default test -->
  </suite> <!-- Default suite -->
</testng-results>
