<?xml version="1.0" encoding="UTF-8"?>
<!-- Generated by org.testng.reporters.JUnitXMLReporter -->
<testsuite ignored="2" hostname="DESKTOP-C3AP22E" failures="1" tests="6" name="Test" time="115.487" errors="0" timestamp="2025-12-12T09:54:31 IST">
  <testcase classname="base.BaseTest" name="@AfterMethod setDriverToReport" time="0.001">
    <failure type="java.lang.NullPointerException">
      <![CDATA[java.lang.NullPointerException
at java.base/java.util.concurrent.ConcurrentHashMap.putVal(ConcurrentHashMap.java:1023)
at java.base/java.util.concurrent.ConcurrentHashMap.put(ConcurrentHashMap.java:1018)
at base.BaseTest.setDriverToReport(BaseTest.java:42)
at java.base/java.util.ArrayList.forEach(ArrayList.java:1604)
... Removed 32 stack frames]]>
    </failure>
  </testcase> <!-- @AfterMethod setDriverToReport -->
  <testcase classname="base.BaseTest" name="@AfterMethod setDriverToReport" time="0.0">
    <skipped/>
  </testcase> <!-- @AfterMethod setDriverToReport -->
  <testcase classname="tests.ATPW_Test01" name="Homepage" time="0.152"/>
  <testcase classname="tests.ATPW_Test01" name="WebInputTest02" time="18.204"/>
  <testcase classname="tests.ATPW_Test01" name="WebInputTest02" time="0.622"/>
  <testcase classname="tests.ATPW_Test01" name="WebInputTest02" time="0.571"/>
  <testcase classname="tests.ATPW_Test02" name="Homepage" time="0.002">
    <failure type="java.lang.NullPointerException" message="Cannot invoke &amp;quot;org.openqa.selenium.WebDriver.findElement(org.openqa.selenium.By)&amp;quot; because &amp;quot;this.driver&amp;quot; is null">
      <![CDATA[java.lang.NullPointerException: Cannot invoke "org.openqa.selenium.WebDriver.findElement(org.openqa.selenium.By)" because "this.driver" is null
at page.HomePage.Click_TestLoginPage(HomePage.java:25)
at tests.ATPW_Test02.Homepage(ATPW_Test02.java:16)
at java.base/java.util.ArrayList.forEach(ArrayList.java:1604)
... Removed 25 stack frames]]>
    </failure>
  </testcase> <!-- Homepage -->
  <testcase classname="tests.ATPW_Test02" name="LoginTest03" time="0.0">
    <skipped/>
  </testcase> <!-- LoginTest03 -->
  <testcase classname="base.BaseTest" name="@BeforeTest setUp" time="0.0">
    <ignored/>
  </testcase> <!-- @BeforeTest setUp -->
  <testcase classname="base.BaseTest" name="@AfterTest tearDown" time="0.0">
    <ignored/>
  </testcase> <!-- @AfterTest tearDown -->
</testsuite> <!-- Test -->
