<?xml version="1.0" encoding="UTF-8"?>
<!-- Generated by org.testng.reporters.JUnitXMLReporter -->
<testsuite ignored="2" hostname="DESKTOP-C3AP22E" failures="2" tests="6" name="Test" time="24.051" errors="0" timestamp="2025-12-10T04:59:10 IST">
  <testcase classname="tests.ATPW_Test01" name="Homepage" time="1.194"/>
  <testcase classname="tests.ATPW_Test01" name="WebInputTest02" time="12.327"/>
  <testcase classname="tests.ATPW_Test01" name="WebInputTest02" time="0.709"/>
  <testcase classname="tests.ATPW_Test01" name="WebInputTest02" time="0.714"/>
  <testcase classname="tests.ATPW_Test02" name="Homepage" time="0.003">
    <failure type="java.lang.NullPointerException" message="Cannot invoke &amp;quot;org.openqa.selenium.WebDriver.findElement(org.openqa.selenium.By)&amp;quot; because &amp;quot;this.driver&amp;quot; is null">
      <![CDATA[java.lang.NullPointerException: Cannot invoke "org.openqa.selenium.WebDriver.findElement(org.openqa.selenium.By)" because "this.driver" is null
at page.HomePage.Click_TestLoginPage(HomePage.java:25)
at tests.ATPW_Test02.Homepage(ATPW_Test02.java:16)
at java.base/java.util.ArrayList.forEach(ArrayList.java:1604)
... Removed 25 stack frames]]>
    </failure>
  </testcase> <!-- Homepage -->
  <testcase classname="tests.ATPW_Test02" name="LoginTest03" time="0.006">
    <failure type="java.lang.NullPointerException" message="Cannot invoke &amp;quot;org.openqa.selenium.WebDriver.findElement(org.openqa.selenium.By)&amp;quot; because &amp;quot;this.driver&amp;quot; is null">
      <![CDATA[java.lang.NullPointerException: Cannot invoke "org.openqa.selenium.WebDriver.findElement(org.openqa.selenium.By)" because "this.driver" is null
at page.HomePage.Click_TestLoginPage(HomePage.java:25)
at tests.ATPW_Test02.LoginTest03(ATPW_Test02.java:24)
at java.base/java.util.ArrayList.forEach(ArrayList.java:1604)
... Removed 25 stack frames]]>
    </failure>
  </testcase> <!-- LoginTest03 -->
  <testcase classname="base.BaseTest" name="@AfterTest tearDown" time="0.0">
    <ignored/>
  </testcase> <!-- @AfterTest tearDown -->
  <testcase classname="base.BaseTest" name="@BeforeTest setUp" time="0.0">
    <ignored/>
  </testcase> <!-- @BeforeTest setUp -->
</testsuite> <!-- Test -->
